[21:07:14][DEBUG] : Loading settings...
[21:07:14][DEBUG] : Loading plugins!
[21:07:14][DEBUG] : Done!
[21:07:14][INFO] : Starting DMPServer v0.3.4.1, protocol 53
[21:07:14][DEBUG] : Loading gameplay settings...
[21:07:14][INFO] : Loading universe... 
[21:07:14][INFO] : Starting MCW_LOWEST server on port 6702... 
[21:07:14][INFO] : Removed 0 debris
[21:07:15][DEBUG] : Starting mesh server
[21:07:15][INFO] : Ready!
[21:07:19][DEBUG] : Online players is now: 0, connected: 1
[21:07:19][INFO] : New client connection from [::ffff:127.0.0.1]:50198
[21:07:19][DEBUG] : Loading admins
[21:07:19][INFO] : Client tmightyquinn handshook successfully, version: v0.3.4.0
[21:07:19][DEBUG] : Online players is now: 1, connected: 1
[21:07:19][DEBUG] : Sending groups to tmightyquinn
[21:07:19][DEBUG] : Sending permissions to tmightyquinn
[21:07:19][DEBUG] : Sending tmightyquinn to subspace 0
[21:07:19][DEBUG] : Sending tmightyquinn 0 craft library entries
[21:07:19][DEBUG] : Sending tmightyquinn 20 kerbals...
[21:07:19][DEBUG] : Sending tmightyquinn 0 vessels, cached: 1...
[21:07:24][DEBUG] : tmightyquinn acquired lock asteroid-spawning
[21:07:29][DEBUG] : Saving 1 scenario modules from tmightyquinn
[21:07:29][DEBUG] : Saving 1 scenario modules from tmightyquinn
[21:07:32][DEBUG] : Saving 1 scenario modules from tmightyquinn
[21:07:32][DEBUG] : Saving 1 scenario modules from tmightyquinn
[21:07:33][DEBUG] : Saving 1 scenario modules from tmightyquinn
[21:07:33][DEBUG] : Saving 1 scenario modules from tmightyquinn
[21:07:35][DEBUG] : Saving 1 scenario modules from tmightyquinn
[21:07:35][DEBUG] : Saving 1 scenario modules from tmightyquinn
[21:07:36][DEBUG] : Saving 1 scenario modules from tmightyquinn
[21:07:36][DEBUG] : Saving 1 scenario modules from tmightyquinn
[21:07:38][DEBUG] : Saving 1 scenario modules from tmightyquinn
[21:07:38][DEBUG] : Saving 1 scenario modules from tmightyquinn
[21:07:40][DEBUG] : Saving 1 scenario modules from tmightyquinn
[21:07:40][DEBUG] : Saving 1 scenario modules from tmightyquinn
[21:07:42][DEBUG] : Saving 1 scenario modules from tmightyquinn
[21:07:42][DEBUG] : Saving 1 scenario modules from tmightyquinn
[21:07:44][DEBUG] : Saving 1 scenario modules from tmightyquinn
[21:07:44][DEBUG] : Saving 1 scenario modules from tmightyquinn
[21:07:46][DEBUG] : Saving 1 scenario modules from tmightyquinn
[21:07:46][DEBUG] : Saving 1 scenario modules from tmightyquinn
[21:07:48][DEBUG] : Saving 1 scenario modules from tmightyquinn
[21:07:48][DEBUG] : Saving 1 scenario modules from tmightyquinn
[21:07:50][DEBUG] : Saving 1 scenario modules from tmightyquinn
[21:07:50][DEBUG] : Saving 1 scenario modules from tmightyquinn
[21:07:52][DEBUG] : Saving 1 scenario modules from tmightyquinn
[21:07:52][DEBUG] : Saving 1 scenario modules from tmightyquinn
[21:07:54][DEBUG] : Saving 1 scenario modules from tmightyquinn
[21:07:54][DEBUG] : Saving 1 scenario modules from tmightyquinn
[21:07:55][DEBUG] : Saving 1 scenario modules from tmightyquinn
[21:07:55][DEBUG] : Saving 1 scenario modules from tmightyquinn
[21:07:58][DEBUG] : Saving 1 scenario modules from tmightyquinn
[21:07:58][DEBUG] : Saving 1 scenario modules from tmightyquinn
[21:08:00][DEBUG] : Saving 1 scenario modules from tmightyquinn
[21:08:00][DEBUG] : Saving 1 scenario modules from tmightyquinn
[21:08:02][DEBUG] : Saving 1 scenario modules from tmightyquinn
[21:08:02][DEBUG] : Saving 1 scenario modules from tmightyquinn
[21:08:03][DEBUG] : Saving 1 scenario modules from tmightyquinn
[21:08:03][DEBUG] : Saving 1 scenario modules from tmightyquinn
[21:08:06][DEBUG] : Saving 1 scenario modules from tmightyquinn
[21:08:06][DEBUG] : Saving 1 scenario modules from tmightyquinn
[21:08:09][DEBUG] : Saving 1 scenario modules from tmightyquinn
[21:08:09][DEBUG] : Saving 1 scenario modules from tmightyquinn
[21:08:21][DEBUG] : Saving 1 scenario modules from tmightyquinn
[21:08:21][DEBUG] : Saving 1 scenario modules from tmightyquinn
[21:08:23][DEBUG] : Saving 1 scenario modules from tmightyquinn
[21:08:23][DEBUG] : Saving 1 scenario modules from tmightyquinn
[21:08:24][DEBUG] : Sending permissions to everyone, vessel: d7f2785d-0dca-4df7-8877-3c80adbf11a8
[21:08:24][DEBUG] : Saving vessel d7f2785d-0dca-4df7-8877-3c80adbf11a8 from tmightyquinn
[21:08:25][DEBUG] : Saving 1 scenario modules from tmightyquinn
[21:08:25][DEBUG] : Saving 1 scenario modules from tmightyquinn
[21:08:27][DEBUG] : Saving 1 scenario modules from tmightyquinn
[21:08:27][DEBUG] : Saving 1 scenario modules from tmightyquinn
[21:08:29][DEBUG] : Saving 1 scenario modules from tmightyquinn
[21:08:29][DEBUG] : Saving 1 scenario modules from tmightyquinn
[21:08:31][DEBUG] : Saving 1 scenario modules from tmightyquinn
[21:08:31][DEBUG] : Saving 1 scenario modules from tmightyquinn
[21:08:33][DEBUG] : Saving 1 scenario modules from tmightyquinn
[21:08:33][DEBUG] : Saving 1 scenario modules from tmightyquinn
[21:08:35][DEBUG] : Saving 1 scenario modules from tmightyquinn
[21:08:35][DEBUG] : Saving 1 scenario modules from tmightyquinn
[21:08:37][DEBUG] : Saving 1 scenario modules from tmightyquinn
[21:08:37][DEBUG] : Saving 1 scenario modules from tmightyquinn
[21:08:39][DEBUG] : Saving 1 scenario modules from tmightyquinn
[21:08:39][DEBUG] : Saving 1 scenario modules from tmightyquinn
[21:08:41][DEBUG] : Saving 1 scenario modules from tmightyquinn
[21:08:41][DEBUG] : Saving 1 scenario modules from tmightyquinn
[21:08:44][DEBUG] : Saving 1 scenario modules from tmightyquinn
[21:08:44][DEBUG] : Saving 1 scenario modules from tmightyquinn
[21:08:46][DEBUG] : Saving 1 scenario modules from tmightyquinn
[21:08:46][DEBUG] : Saving 1 scenario modules from tmightyquinn
[21:08:48][DEBUG] : Saving 1 scenario modules from tmightyquinn
[21:08:48][DEBUG] : Saving 1 scenario modules from tmightyquinn
[21:08:50][DEBUG] : Saving 1 scenario modules from tmightyquinn
[21:08:50][DEBUG] : Saving 1 scenario modules from tmightyquinn
[21:08:51][DEBUG] : Saving 1 scenario modules from tmightyquinn
[21:08:51][DEBUG] : Saving 1 scenario modules from tmightyquinn
[21:08:54][DEBUG] : Saving 1 scenario modules from tmightyquinn
[21:08:54][DEBUG] : Saving 1 scenario modules from tmightyquinn
[21:08:56][DEBUG] : Saving 1 scenario modules from tmightyquinn
[21:08:56][DEBUG] : Saving 1 scenario modules from tmightyquinn
[21:08:57][DEBUG] : Saving 1 scenario modules from tmightyquinn
[21:08:57][DEBUG] : Saving 1 scenario modules from tmightyquinn
[21:08:59][DEBUG] : Saving 1 scenario modules from tmightyquinn
[21:08:59][DEBUG] : Saving 1 scenario modules from tmightyquinn
[21:09:01][DEBUG] : Saving 1 scenario modules from tmightyquinn
[21:09:01][DEBUG] : Saving 1 scenario modules from tmightyquinn
[21:09:03][DEBUG] : Saving 1 scenario modules from tmightyquinn
[21:09:03][DEBUG] : Saving 1 scenario modules from tmightyquinn
[21:09:05][DEBUG] : Saving 1 scenario modules from tmightyquinn
[21:09:05][DEBUG] : Saving 1 scenario modules from tmightyquinn
[21:09:07][DEBUG] : Saving 1 scenario modules from tmightyquinn
[21:09:07][DEBUG] : Saving 1 scenario modules from tmightyquinn
[21:09:09][DEBUG] : Saving 1 scenario modules from tmightyquinn
[21:09:09][DEBUG] : Saving 1 scenario modules from tmightyquinn
[21:09:11][DEBUG] : Saving 1 scenario modules from tmightyquinn
[21:09:11][DEBUG] : Saving 1 scenario modules from tmightyquinn
[21:09:13][DEBUG] : Saving 1 scenario modules from tmightyquinn
[21:09:13][DEBUG] : Saving 1 scenario modules from tmightyquinn
[21:09:14][DEBUG] : Saving 1 scenario modules from tmightyquinn
[21:09:14][DEBUG] : Saving 1 scenario modules from tmightyquinn
[21:09:17][DEBUG] : Saving 1 scenario modules from tmightyquinn
[21:09:17][DEBUG] : Saving 1 scenario modules from tmightyquinn
[21:09:20][DEBUG] : Saving 1 scenario modules from tmightyquinn
[21:09:20][DEBUG] : Saving 1 scenario modules from tmightyquinn
[21:09:23][DEBUG] : Saving 1 scenario modules from tmightyquinn
[21:09:23][DEBUG] : Saving 1 scenario modules from tmightyquinn
[21:09:24][DEBUG] : Sending permissions to everyone, vessel: f2d3b5ae-bd9c-49ed-87b5-7eccb4470172
[21:09:24][DEBUG] : Saving vessel f2d3b5ae-bd9c-49ed-87b5-7eccb4470172 from tmightyquinn
[21:09:25][DEBUG] : Saving 1 scenario modules from tmightyquinn
[21:09:25][DEBUG] : Saving 1 scenario modules from tmightyquinn
[21:09:29][DEBUG] : Saving 1 scenario modules from tmightyquinn
[21:09:30][DEBUG] : Saving 1 scenario modules from tmightyquinn
[21:09:32][DEBUG] : Saving 1 scenario modules from tmightyquinn
[21:09:32][DEBUG] : Saving 1 scenario modules from tmightyquinn
[21:09:34][DEBUG] : Saving 1 scenario modules from tmightyquinn
[21:09:34][DEBUG] : Saving 1 scenario modules from tmightyquinn
[21:09:36][DEBUG] : Saving 1 scenario modules from tmightyquinn
[21:09:36][DEBUG] : Saving 1 scenario modules from tmightyquinn
[21:09:38][DEBUG] : Saving 1 scenario modules from tmightyquinn
[21:09:38][DEBUG] : Saving 1 scenario modules from tmightyquinn
[21:09:40][DEBUG] : Saving 1 scenario modules from tmightyquinn
[21:09:40][DEBUG] : Saving 1 scenario modules from tmightyquinn
[21:09:43][DEBUG] : Saving 1 scenario modules from tmightyquinn
[21:09:43][DEBUG] : Saving 1 scenario modules from tmightyquinn
[21:10:00][DEBUG] : tmightyquinn sent connection end message, reason: Quit
[21:10:00][DEBUG] : Online players is now: 0, connected: 0
[21:12:53][DEBUG] : Terminal may be not attached or broken, Exiting out of command handler
[21:12:53][INFO] : Shutting down - Caught Ctrl+C
[21:12:53][DEBUG] : Stopping mesh server
[21:12:53][INFO] : Goodbye!
